2025-05-01 15:56:22,127 - INFO - Logging setup complete.
2025-05-01 15:56:22,131 - INFO - Seed set to: 42
2025-05-01 15:56:22,131 - INFO - ✨ Configuration:
2025-05-01 15:56:22,131 - INFO - train: True
2025-05-01 15:56:22,131 - INFO - seed: 42
2025-05-01 15:56:22,131 - INFO - episodes: 50
2025-05-01 15:56:22,131 - INFO - target_image_path: target_images/target_image_1.jpg
2025-05-01 15:56:22,131 - INFO - max_strokes: 10000
2025-05-01 15:56:22,131 - INFO - max_strokes_per_step: 1
2025-05-01 15:56:22,131 - INFO - max_total_length: 10000
2025-05-01 15:56:22,131 - INFO - error_threshold: 10000.0
2025-05-01 15:56:22,131 - INFO - model_name: resnet18
2025-05-01 15:56:22,131 - INFO - actor_lr: 0.0001
2025-05-01 15:56:22,131 - INFO - critic_lr: 0.001
2025-05-01 15:56:22,131 - INFO - buffer_size: 100000
2025-05-01 15:56:22,131 - INFO - batch_size: 64
2025-05-01 15:56:22,131 - INFO - gamma: 0.99
2025-05-01 15:56:22,131 - INFO - tau: 0.005
2025-05-01 15:56:22,131 - INFO - device: cpu
2025-05-01 15:56:22,131 - INFO - action_dim: 6
2025-05-01 15:56:22,131 - INFO - reward_method: CLIP_cosine_similarity
2025-05-01 15:56:22,131 - INFO - initial_noise_scale: 0.2
2025-05-01 15:56:22,131 - INFO - noise_decay: 0.995
2025-05-01 15:56:22,131 - INFO - save_every_step: 100
2025-05-01 15:56:22,131 - INFO - save_every_episode: 5
2025-05-01 15:56:22,131 - INFO - save_model_dir: models
2025-05-01 15:56:22,131 - INFO - save_model_name: model.pth
2025-05-01 15:56:22,131 - INFO - save_best_model: True
2025-05-01 15:56:22,131 - INFO - save_best_model_dir: best_models
2025-05-01 15:56:22,131 - INFO - save_best_model_name: best_model.pth
2025-05-01 15:56:22,131 - INFO - canvas_size: (224, 224)
2025-05-01 15:56:22,131 - INFO - canvas_channels: 3
2025-05-01 15:56:22,131 - INFO - canvas_color: (0, 0, 0)
2025-05-01 15:56:22,131 - INFO - canvas_stroke_color: 255
2025-05-01 15:56:22,131 - INFO - logging: True
2025-05-01 15:56:22,131 - INFO - log_dir: logs
2025-05-01 15:56:22,131 - INFO - log_every: 10
2025-05-01 15:56:22,132 - INFO - log_level: INFO
2025-05-01 15:56:22,132 - INFO - log_file: training.log
